[debug] [2017-11-13T10:19:19.852Z] ----------------------------------------------------------------------
[debug] [2017-11-13T10:19:19.852Z] Command:       D:\softwares\nodejs\node.exe C:\Users\ACER\AppData\Roaming\npm\node_modules\firebase-tools\bin\firebase serve
[debug] [2017-11-13T10:19:19.852Z] CLI Version:   3.11.0
[debug] [2017-11-13T10:19:19.852Z] Platform:      win32
[debug] [2017-11-13T10:19:19.852Z] Node Version:  v6.11.1
[debug] [2017-11-13T10:19:19.852Z] Time:          Mon Nov 13 2017 15:49:19 GMT+0530 (India Standard Time)
[debug] [2017-11-13T10:19:19.852Z] ----------------------------------------------------------------------
[debug] 
[debug] [2017-11-13T10:19:19.977Z] > command requires scopes: ["email","openid","https://www.googleapis.com/auth/cloudplatformprojects.readonly","https://www.googleapis.com/auth/firebase","https://www.googleapis.com/auth/cloud-platform"]
[debug] [2017-11-13T10:19:19.977Z] > authorizing via signed-in user
[debug] [2017-11-13T10:19:19.977Z] > refreshing access token with scopes: ["email","https://www.googleapis.com/auth/cloud-platform","https://www.googleapis.com/auth/cloudplatformprojects.readonly","https://www.googleapis.com/auth/firebase","openid"]
[debug] [2017-11-13T10:19:19.977Z] >>> HTTP REQUEST POST https://www.googleapis.com/oauth2/v3/token { refresh_token: '1/aj_KBfWQUKyhTKVwZgSoHOmayA0YFEeXIGwm5PYNM4Q',
  client_id: '563584335869-fgrhgmd47bqnekij5i8b5pr03ho849e6.apps.googleusercontent.com',
  client_secret: 'j9iVZfS8kkCEFUPaAeJV0sAi',
  grant_type: 'refresh_token',
  scope: 'email https://www.googleapis.com/auth/cloud-platform https://www.googleapis.com/auth/cloudplatformprojects.readonly https://www.googleapis.com/auth/firebase openid' } 
 Mon Nov 13 2017 15:49:19 GMT+0530 (India Standard Time)
[debug] [2017-11-13T10:19:20.477Z] <<< HTTP RESPONSE 200
[debug] [2017-11-13T10:19:20.540Z] >>> HTTP REQUEST GET https://admin.firebase.com/v1/projects/royalpwa  
 Mon Nov 13 2017 15:49:20 GMT+0530 (India Standard Time)
[debug] [2017-11-13T10:19:24.852Z] <<< HTTP RESPONSE 200
[debug] [2017-11-13T10:19:24.852Z] >>> HTTP REQUEST GET https://admin.firebase.com/v1/database/royalpwa/tokens  
 Mon Nov 13 2017 15:49:24 GMT+0530 (India Standard Time)
[debug] [2017-11-13T10:19:26.110Z] <<< HTTP RESPONSE 200
[info] 
[info] === Serving from 'C:\Progressive web apss\rosuighorhtml'...
[info] 
[debug] [2017-11-13T10:19:26.394Z] >>> HTTP REQUEST GET https://cloudresourcemanager.googleapis.com/v1/projects/royalpwa  
 Mon Nov 13 2017 15:49:26 GMT+0530 (India Standard Time)
[debug] [2017-11-13T10:19:28.288Z] <<< HTTP RESPONSE 200
[debug] [2017-11-13T10:19:28.288Z] >>> HTTP REQUEST GET https://mobilesdk-pa.googleapis.com/v1/projects/242814667402/clients/_:getWebAppConfig  
 Mon Nov 13 2017 15:49:28 GMT+0530 (India Standard Time)
[debug] [2017-11-13T10:19:29.326Z] <<< HTTP RESPONSE 200
[info] +  hosting: Local server: http://localhost:5000

